<?xml version="1.0" encoding="UTF-8"?>
<testng-results ignored="0" total="4" passed="3" failed="1" skipped="0">
  <reporter-output>
  </reporter-output>
  <suite started-at="2025-02-08T03:29:19 IST" name="Suite" finished-at="2025-02-08T03:29:48 IST" duration-ms="28668">
    <groups>
    </groups>
    <test started-at="2025-02-08T03:29:19 IST" name="ThreeTest" finished-at="2025-02-08T03:29:45 IST" duration-ms="25215">
      <class name="tests.ThreeTest">
        <test-method signature="testThree()[pri:0, instance:tests.ThreeTest@1b1637e1]" started-at="2025-02-08T03:29:19 IST" name="testThree" finished-at="2025-02-08T03:29:45 IST" duration-ms="25083" status="PASS">
          <reporter-output>
          </reporter-output>
        </test-method> <!-- testThree -->
      </class> <!-- tests.ThreeTest -->
    </test> <!-- ThreeTest -->
    <test started-at="2025-02-08T03:29:19 IST" name="TwoTest" finished-at="2025-02-08T03:29:47 IST" duration-ms="27509">
      <class name="tests.TwoTest">
        <test-method signature="testTwo()[pri:0, instance:tests.TwoTest@a68df9]" started-at="2025-02-08T03:29:19 IST" name="testTwo" finished-at="2025-02-08T03:29:47 IST" duration-ms="27383" status="PASS">
          <reporter-output>
          </reporter-output>
        </test-method> <!-- testTwo -->
      </class> <!-- tests.TwoTest -->
    </test> <!-- TwoTest -->
    <test started-at="2025-02-08T03:29:19 IST" name="LoginTest" finished-at="2025-02-08T03:29:48 IST" duration-ms="28485">
      <class name="tests.LoginTest">
        <test-method is-config="true" signature="openApplication()[pri:0, instance:tests.LoginTest@4a67318f]" started-at="2025-02-08T03:29:19 IST" name="openApplication" finished-at="2025-02-08T03:29:41 IST" duration-ms="21208" status="PASS">
          <reporter-output>
          </reporter-output>
        </test-method> <!-- openApplication -->
        <test-method signature="login(java.lang.String,java.lang.String,java.lang.String)[pri:0, instance:tests.LoginTest@4a67318f]" started-at="2025-02-08T03:29:41 IST" name="login" data-provider="getLoginData" finished-at="2025-02-08T03:29:47 IST" duration-ms="6614" status="PASS">
          <params>
            <param index="0">
              <value>
                <![CDATA[anurag19578@gmail.com]]>
              </value>
            </param>
            <param index="1">
              <value>
                <![CDATA[Anurag@123]]>
              </value>
            </param>
            <param index="2">
              <value>
                <![CDATA[Successful]]>
              </value>
            </param>
          </params>
          <reporter-output>
          </reporter-output>
        </test-method> <!-- login -->
        <test-method is-config="true" signature="closure()[pri:0, instance:tests.LoginTest@4a67318f]" started-at="2025-02-08T03:29:47 IST" name="closure" finished-at="2025-02-08T03:29:48 IST" duration-ms="526" status="PASS">
          <reporter-output>
          </reporter-output>
        </test-method> <!-- closure -->
      </class> <!-- tests.LoginTest -->
    </test> <!-- LoginTest -->
    <test started-at="2025-02-08T03:29:19 IST" name="FourTest" finished-at="2025-02-08T03:29:48 IST" duration-ms="28658">
      <class name="tests.FourTest">
        <test-method signature="testFour()[pri:0, instance:tests.FourTest@1bf0f6f6]" started-at="2025-02-08T03:29:19 IST" name="testFour" finished-at="2025-02-08T03:29:43 IST" duration-ms="23367" status="FAIL">
          <exception class="java.lang.AssertionError">
            <message>
              <![CDATA[expected [true] but found [false]]]>
            </message>
            <full-stacktrace>
              <![CDATA[java.lang.AssertionError: expected [true] but found [false]
at org.testng.Assert.fail(Assert.java:111)
at org.testng.Assert.failNotEquals(Assert.java:1578)
at org.testng.Assert.assertTrue(Assert.java:57)
at org.testng.Assert.assertTrue(Assert.java:67)
at tests.FourTest.testFour(FourTest.java:22)
at java.base/jdk.internal.reflect.NativeMethodAccessorImpl.invoke0(Native Method)
at java.base/jdk.internal.reflect.NativeMethodAccessorImpl.invoke(NativeMethodAccessorImpl.java:77)
at java.base/jdk.internal.reflect.DelegatingMethodAccessorImpl.invoke(DelegatingMethodAccessorImpl.java:43)
at java.base/java.lang.reflect.Method.invoke(Method.java:568)
at org.testng.internal.invokers.MethodInvocationHelper.invokeMethod(MethodInvocationHelper.java:141)
at org.testng.internal.invokers.TestInvoker.invokeMethod(TestInvoker.java:686)
at org.testng.internal.invokers.TestInvoker.invokeTestMethod(TestInvoker.java:230)
at org.testng.internal.invokers.MethodRunner.runInSequence(MethodRunner.java:63)
at org.testng.internal.invokers.TestInvoker$MethodInvocationAgent.invoke(TestInvoker.java:992)
at org.testng.internal.invokers.TestInvoker.invokeTestMethods(TestInvoker.java:203)
at org.testng.internal.invokers.TestMethodWorker.invokeTestMethods(TestMethodWorker.java:154)
at org.testng.internal.invokers.TestMethodWorker.run(TestMethodWorker.java:134)
at java.base/java.util.ArrayList.forEach(ArrayList.java:1511)
at org.testng.TestRunner.privateRun(TestRunner.java:739)
at org.testng.TestRunner.run(TestRunner.java:614)
at org.testng.SuiteRunner.runTest(SuiteRunner.java:421)
at org.testng.SuiteRunner$SuiteWorker.run(SuiteRunner.java:463)
at org.testng.internal.thread.ThreadUtil.lambda$execute$0(ThreadUtil.java:64)
at java.base/java.util.concurrent.FutureTask.run(FutureTask.java:264)
at java.base/java.util.concurrent.ThreadPoolExecutor.runWorker(ThreadPoolExecutor.java:1136)
at java.base/java.util.concurrent.ThreadPoolExecutor$Worker.run(ThreadPoolExecutor.java:635)
at java.base/java.lang.Thread.run(Thread.java:833)
]]>
            </full-stacktrace>
          </exception> <!-- java.lang.AssertionError -->
          <reporter-output>
          </reporter-output>
        </test-method> <!-- testFour -->
        <test-method is-config="true" signature="closingBrowser()[pri:0, instance:tests.FourTest@1bf0f6f6]" started-at="2025-02-08T03:29:44 IST" name="closingBrowser" finished-at="2025-02-08T03:29:48 IST" duration-ms="3600" status="PASS">
          <reporter-output>
          </reporter-output>
        </test-method> <!-- closingBrowser -->
      </class> <!-- tests.FourTest -->
    </test> <!-- FourTest -->
  </suite> <!-- Suite -->
</testng-results>
